# JRE version: Java(TM) SE Runtime Environment (8.0_131-b11) (build 1.8.0_131-b11)
# Java VM: Java HotSpot(TM) 64-Bit Server VM (25.131-b11 mixed mode windows-amd64 compressed oops)
Heap:
 PSYoungGen      total 180736K, used 90384K [0x000000076b800000, 0x0000000778000000, 0x00000007c0000000)
  eden space 167424K, 53% used [0x000000076b800000,0x0000000771044018,0x0000000775b80000)
  from space 13312K, 0% used [0x0000000776800000,0x0000000776800000,0x0000000777500000)
  to   space 12800K, 0% used [0x0000000775b80000,0x0000000775b80000,0x0000000776800000)
 ParOldGen       total 99840K, used 15690K [0x00000006c2800000, 0x00000006c8980000, 0x000000076b800000)
  object space 99840K, 15% used [0x00000006c2800000,0x00000006c3752be8,0x00000006c8980000)
 Metaspace       used 37381K, capacity 39228K, committed 39424K, reserved 1083392K
  class space    used 4935K, capacity 5280K, committed 5376K, reserved 1048576K
GC Heap History (10 events):
Event: 6.747 GC heap before
{Heap before GC invocations=6 (full 1):
 PSYoungGen      total 75776K, used 69368K [0x000000076b800000, 0x0000000772e00000, 0x00000007c0000000)
  eden space 65024K, 100% used [0x000000076b800000,0x000000076f780000,0x000000076f780000)
  from space 10752K, 40% used [0x0000000770200000,0x000000077063e040,0x0000000770c80000)
  to   space 10752K, 0% used [0x000000076f780000,0x000000076f780000,0x0000000770200000)
 ParOldGen       total 99840K, used 7379K [0x00000006c2800000, 0x00000006c8980000, 0x000000076b800000)
  object space 99840K, 7% used [0x00000006c2800000,0x00000006c2f34f98,0x00000006c8980000)
 Metaspace       used 24438K, capacity 25440K, committed 25472K, reserved 1071104K
  class space    used 3228K, capacity 3450K, committed 3456K, reserved 1048576K
Event: 6.749 GC heap after
Heap after GC invocations=6 (full 1):
 PSYoungGen      total 75776K, used 4885K [0x000000076b800000, 0x0000000773100000, 0x00000007c0000000)
  eden space 65024K, 0% used [0x000000076b800000,0x000000076b800000,0x000000076f780000)
  from space 10752K, 45% used [0x000000076f780000,0x000000076fc455e0,0x0000000770200000)
  to   space 10752K, 0% used [0x0000000772680000,0x0000000772680000,0x0000000773100000)
 ParOldGen       total 99840K, used 7387K [0x00000006c2800000, 0x00000006c8980000, 0x000000076b800000)
  object space 99840K, 7% used [0x00000006c2800000,0x00000006c2f36f98,0x00000006c8980000)
 Metaspace       used 24438K, capacity 25440K, committed 25472K, reserved 1071104K
  class space    used 3228K, capacity 3450K, committed 3456K, reserved 1048576K
}
Event: 7.176 GC heap before
{Heap before GC invocations=7 (full 1):
 PSYoungGen      total 75776K, used 69909K [0x000000076b800000, 0x0000000773100000, 0x00000007c0000000)
  eden space 65024K, 100% used [0x000000076b800000,0x000000076f780000,0x000000076f780000)
  from space 10752K, 45% used [0x000000076f780000,0x000000076fc455e0,0x0000000770200000)
  to   space 10752K, 0% used [0x0000000772680000,0x0000000772680000,0x0000000773100000)
 ParOldGen       total 99840K, used 7387K [0x00000006c2800000, 0x00000006c8980000, 0x000000076b800000)
  object space 99840K, 7% used [0x00000006c2800000,0x00000006c2f36f98,0x00000006c8980000)
 Metaspace       used 26375K, capacity 27566K, committed 27648K, reserved 1073152K
  class space    used 3526K, capacity 3781K, committed 3840K, reserved 1048576K
Event: 7.180 GC heap after
Heap after GC invocations=7 (full 1):
 PSYoungGen      total 113664K, used 7474K [0x000000076b800000, 0x0000000773180000, 0x00000007c0000000)
  eden space 102912K, 0% used [0x000000076b800000,0x000000076b800000,0x0000000771c80000)
  from space 10752K, 69% used [0x0000000772680000,0x0000000772dcc948,0x0000000773100000)
  to   space 10240K, 0% used [0x0000000771c80000,0x0000000771c80000,0x0000000772680000)
 ParOldGen       total 99840K, used 7395K [0x00000006c2800000, 0x00000006c8980000, 0x000000076b800000)
  object space 99840K, 7% used [0x00000006c2800000,0x00000006c2f38f98,0x00000006c8980000)
 Metaspace       used 26375K, capacity 27566K, committed 27648K, reserved 1073152K
  class space    used 3526K, capacity 3781K, committed 3840K, reserved 1048576K
}
Event: 7.849 GC heap before
{Heap before GC invocations=8 (full 1):
 PSYoungGen      total 113664K, used 110386K [0x000000076b800000, 0x0000000773180000, 0x00000007c0000000)
  eden space 102912K, 100% used [0x000000076b800000,0x0000000771c80000,0x0000000771c80000)
  from space 10752K, 69% used [0x0000000772680000,0x0000000772dcc948,0x0000000773100000)
  to   space 10240K, 0% used [0x0000000771c80000,0x0000000771c80000,0x0000000772680000)
 ParOldGen       total 99840K, used 7395K [0x00000006c2800000, 0x00000006c8980000, 0x000000076b800000)
  object space 99840K, 7% used [0x00000006c2800000,0x00000006c2f38f98,0x00000006c8980000)
 Metaspace       used 32106K, capacity 33804K, committed 33920K, reserved 1079296K
  class space    used 4316K, capacity 4658K, committed 4736K, reserved 1048576K
Event: 7.857 GC heap after
Heap after GC invocations=8 (full 1):
 PSYoungGen      total 113152K, used 10232K [0x000000076b800000, 0x0000000777500000, 0x00000007c0000000)
  eden space 102912K, 0% used [0x000000076b800000,0x000000076b800000,0x0000000771c80000)
  from space 10240K, 99% used [0x0000000771c80000,0x000000077267e388,0x0000000772680000)
  to   space 13312K, 0% used [0x0000000776800000,0x0000000776800000,0x0000000777500000)
 ParOldGen       total 99840K, used 10284K [0x00000006c2800000, 0x00000006c8980000, 0x000000076b800000)
  object space 99840K, 10% used [0x00000006c2800000,0x00000006c320b1e0,0x00000006c8980000)
 Metaspace       used 32106K, capacity 33804K, committed 33920K, reserved 1079296K
  class space    used 4316K, capacity 4658K, committed 4736K, reserved 1048576K
}
Event: 8.021 GC heap before
{Heap before GC invocations=9 (full 1):
 PSYoungGen      total 113152K, used 95340K [0x000000076b800000, 0x0000000777500000, 0x00000007c0000000)
  eden space 102912K, 82% used [0x000000076b800000,0x0000000770b1cf98,0x0000000771c80000)
  from space 10240K, 99% used [0x0000000771c80000,0x000000077267e388,0x0000000772680000)
  to   space 13312K, 0% used [0x0000000776800000,0x0000000776800000,0x0000000777500000)
 ParOldGen       total 99840K, used 10284K [0x00000006c2800000, 0x00000006c8980000, 0x000000076b800000)
  object space 99840K, 10% used [0x00000006c2800000,0x00000006c320b1e0,0x00000006c8980000)
 Metaspace       used 33695K, capacity 35370K, committed 35496K, reserved 1079296K
  class space    used 4462K, capacity 4791K, committed 4864K, reserved 1048576K
Event: 8.026 GC heap after
Heap after GC invocations=9 (full 1):
 PSYoungGen      total 180736K, used 9079K [0x000000076b800000, 0x0000000778000000, 0x00000007c0000000)
  eden space 167424K, 0% used [0x000000076b800000,0x000000076b800000,0x0000000775b80000)
  from space 13312K, 68% used [0x0000000776800000,0x00000007770ddd50,0x0000000777500000)
  to   space 12800K, 0% used [0x0000000775b80000,0x0000000775b80000,0x0000000776800000)
 ParOldGen       total 99840K, used 11638K [0x00000006c2800000, 0x00000006c8980000, 0x000000076b800000)
  object space 99840K, 11% used [0x00000006c2800000,0x00000006c335dbf8,0x00000006c8980000)
 Metaspace       used 33695K, capacity 35370K, committed 35496K, reserved 1079296K
  class space    used 4462K, capacity 4791K, committed 4864K, reserved 1048576K
}
Event: 8.026 GC heap before
{Heap before GC invocations=10 (full 2):
 PSYoungGen      total 180736K, used 9079K [0x000000076b800000, 0x0000000778000000, 0x00000007c0000000)
  eden space 167424K, 0% used [0x000000076b800000,0x000000076b800000,0x0000000775b80000)
  from space 13312K, 68% used [0x0000000776800000,0x00000007770ddd50,0x0000000777500000)
  to   space 12800K, 0% used [0x0000000775b80000,0x0000000775b80000,0x0000000776800000)
 ParOldGen       total 99840K, used 11638K [0x00000006c2800000, 0x00000006c8980000, 0x000000076b800000)
  object space 99840K, 11% used [0x00000006c2800000,0x00000006c335dbf8,0x00000006c8980000)
 Metaspace       used 33695K, capacity 35370K, committed 35496K, reserved 1079296K
  class space    used 4462K, capacity 4791K, committed 4864K, reserved 1048576K
Event: 8.063 GC heap after
Heap after GC invocations=10 (full 2):
 PSYoungGen      total 180736K, used 0K [0x000000076b800000, 0x0000000778000000, 0x00000007c0000000)
  eden space 167424K, 0% used [0x000000076b800000,0x000000076b800000,0x0000000775b80000)
  from space 13312K, 0% used [0x0000000776800000,0x0000000776800000,0x0000000777500000)
  to   space 12800K, 0% used [0x0000000775b80000,0x0000000775b80000,0x0000000776800000)
 ParOldGen       total 99840K, used 15690K [0x00000006c2800000, 0x00000006c8980000, 0x000000076b800000)
  object space 99840K, 15% used [0x00000006c2800000,0x00000006c3752be8,0x00000006c8980000)
 Metaspace       used 33695K, capacity 35370K, committed 35496K, reserved 1079296K
  class space    used 4462K, capacity 4791K, committed 4864K, reserved 1048576K
}

